Dec 03, 2024 11:22:23 PM org.example.Salle <init>
INFO: Création d'une nouvelle salle : Forêt Enchantée
Dec 03, 2024 11:23:37 PM org.example.Salle <init>
INFO: Création d'une nouvelle salle : Forêt Enchantée
Dec 03, 2024 11:23:49 PM org.example.Salle <init>
INFO: Création d'une nouvelle salle : Forêt Enchantée
Dec 08, 2024 12:00:53 PM org.example.Salle creerMatrice
INFO: NPC ajouté: Orc Terrifiant à la position (0, 6)
Dec 08, 2024 12:00:53 PM org.example.Salle creerMatrice
INFO: NPC ajouté: Goblin Grincheux à la position (0, 2)
Dec 08, 2024 12:00:53 PM org.example.Salle creerMatrice
INFO: NPC ajouté: Troll Costaud à la position (1, 5)
Dec 08, 2024 12:00:53 PM org.example.Salle <init>
INFO: Salle 'Salle1' créée avec succès.
Dec 08, 2024 12:07:11 PM org.example.Salle creerMatrice
INFO: NPC ajouté: Orc Féroce à la position (0, 5)
Dec 08, 2024 12:07:11 PM org.example.Salle creerMatrice
INFO: NPC ajouté: Troll Costaud à la position (2, 0)
Dec 08, 2024 12:07:11 PM org.example.Salle creerMatrice
INFO: NPC ajouté: Orc Sanguinaire à la position (0, 1)
Dec 08, 2024 12:07:11 PM org.example.Salle <init>
INFO: Salle 'Salle2' créée avec succès.
Dec 08, 2024 12:07:11 PM org.example.Salle refreshGrille
INFO: Orc Féroce est mort et a été retiré de la grille.
Dec 08, 2024 12:07:11 PM org.example.Salle refreshGrille
INFO: Troll Costaud est mort et a été retiré de la grille.
Dec 08, 2024 12:07:11 PM org.example.Salle refreshGrille
INFO: Orc Sanguinaire est mort et a été retiré de la grille.
Dec 08, 2024 12:07:11 PM org.example.Salle creerMatrice
INFO: NPC ajouté: Troll Paresseux à la position (0, 4)
Dec 08, 2024 12:07:11 PM org.example.Salle creerMatrice
INFO: NPC ajouté: Goblin Grincheux à la position (1, 4)
Dec 08, 2024 12:07:11 PM org.example.Salle <init>
INFO: Salle 'Salle1' créée avec succès.
Dec 08, 2024 12:10:38 PM org.example.Salle creerMatrice
INFO: NPC ajouté: Troll Costaud à la position (2, 0)
Dec 08, 2024 12:10:38 PM org.example.Salle creerMatrice
INFO: NPC ajouté: Troll Grogon à la position (2, 3)
Dec 08, 2024 12:10:38 PM org.example.Salle creerMatrice
INFO: NPC ajouté: Troll Grogon à la position (1, 3)
Dec 08, 2024 12:10:38 PM org.example.Salle <init>
INFO: Salle 'Salle3' créée avec succès.
Dec 08, 2024 12:10:38 PM org.example.Salle creerMatrice
INFO: NPC ajouté: Orc Sanguinaire à la position (0, 6)
Dec 08, 2024 12:10:38 PM org.example.Salle creerMatrice
INFO: NPC ajouté: Troll Gourmant à la position (2, 1)
Dec 08, 2024 12:10:38 PM org.example.Salle creerMatrice
INFO: NPC ajouté: Troll Costaud à la position (0, 4)
Dec 08, 2024 12:10:38 PM org.example.Salle <init>
INFO: Salle 'Salle1' créée avec succès.
Dec 08, 2024 12:15:02 PM org.example.Salle creerMatrice
INFO: NPC ajouté: Goblin Minaud à la position (0, 5)
Dec 08, 2024 12:15:02 PM org.example.Salle creerMatrice
INFO: NPC ajouté: Troll Costaud à la position (2, 4)
Dec 08, 2024 12:15:02 PM org.example.Salle creerMatrice
INFO: NPC ajouté: Goblin Rusé à la position (0, 4)
Dec 08, 2024 12:15:02 PM org.example.Salle <init>
INFO: Salle 'Salle3' créée avec succès.
Dec 08, 2024 12:15:02 PM org.example.Salle creerMatrice
INFO: NPC ajouté: Goblin Perfide à la position (2, 5)
Dec 08, 2024 12:15:02 PM org.example.Salle creerMatrice
INFO: NPC ajouté: Troll Costaud à la position (2, 1)
Dec 08, 2024 12:15:02 PM org.example.Salle creerMatrice
INFO: NPC ajouté: Goblin Rusé à la position (1, 1)
Dec 08, 2024 12:15:02 PM org.example.Salle creerMatrice
INFO: NPC ajouté: Goblin Filou à la position (0, 5)
Dec 08, 2024 12:15:02 PM org.example.Salle <init>
INFO: Salle 'Salle1' créée avec succès.
Dec 08, 2024 12:15:02 PM org.example.Salle creerMatrice
INFO: NPC ajouté: Orc Implacable à la position (0, 0)
Dec 08, 2024 12:15:02 PM org.example.Salle creerMatrice
INFO: NPC ajouté: Goblin Perfide à la position (2, 0)
Dec 08, 2024 12:15:02 PM org.example.Salle <init>
INFO: Salle 'Salle4' créée avec succès.
Dec 08, 2024 12:15:02 PM org.example.Salle deplacementCharacter
INFO: Troll Grogon a été déplacé vers (1, 1)
Dec 08, 2024 12:15:02 PM org.example.Salle deplacementCharacter
WARNING: Déplacement échoué: Case (1, 1) déjà occupée.
Dec 08, 2024 12:20:27 PM org.example.Salle creerMatrice
INFO: NPC ajouté: Troll Paresseux à la position (2, 1)
Dec 08, 2024 12:20:27 PM org.example.Salle creerMatrice
INFO: NPC ajouté: Troll Costaud à la position (2, 6)
Dec 08, 2024 12:20:27 PM org.example.Salle <init>
INFO: Salle 'Salle3' créée avec succès.
Dec 08, 2024 12:20:27 PM org.example.Salle creerMatrice
INFO: NPC ajouté: Troll Gourmant à la position (2, 4)
Dec 08, 2024 12:20:27 PM org.example.Salle creerMatrice
INFO: NPC ajouté: Goblin Grincheux à la position (1, 5)
Dec 08, 2024 12:20:27 PM org.example.Salle <init>
INFO: Salle 'Salle1' créée avec succès.
Dec 08, 2024 12:20:27 PM org.example.Salle creerMatrice
INFO: NPC ajouté: Orc Sanguinaire à la position (1, 6)
Dec 08, 2024 12:20:27 PM org.example.Salle creerMatrice
INFO: NPC ajouté: Troll Paresseux à la position (1, 7)
Dec 08, 2024 12:20:27 PM org.example.Salle <init>
INFO: Salle 'Salle4' créée avec succès.
Dec 08, 2024 12:20:27 PM org.example.Salle deplacementCharacter
INFO: Troll Grogon a été déplacé vers (1, 1)
Dec 08, 2024 12:20:27 PM org.example.Salle deplacementCharacter
WARNING: Déplacement échoué: Case (1, 1) déjà occupée.
Dec 08, 2024 12:20:27 PM org.example.Salle creerMatrice
INFO: NPC ajouté: Goblin Grincheux à la position (1, 5)
Dec 08, 2024 12:20:27 PM org.example.Salle creerMatrice
INFO: NPC ajouté: Goblin Filou à la position (2, 3)
Dec 08, 2024 12:20:27 PM org.example.Salle creerMatrice
INFO: NPC ajouté: Orc Brutal à la position (0, 2)
Dec 08, 2024 12:20:27 PM org.example.Salle <init>
INFO: Salle 'Salle5' créée avec succès.
Dec 08, 2024 12:20:27 PM org.example.Salle refreshGrille
INFO: Goblin Grincheux est mort et a été retiré de la grille.
Dec 08, 2024 12:21:50 PM org.example.Salle creerMatrice
INFO: NPC ajouté: Goblin Grincheux à la position (2, 4)
Dec 08, 2024 12:21:50 PM org.example.Salle creerMatrice
INFO: NPC ajouté: Goblin Grincheux à la position (2, 1)
Dec 08, 2024 12:21:50 PM org.example.Salle creerMatrice
INFO: NPC ajouté: Goblin Perfide à la position (0, 5)
Dec 08, 2024 12:21:50 PM org.example.Salle <init>
INFO: Salle 'Salle3' créée avec succès.
Dec 08, 2024 12:21:50 PM org.example.Salle creerMatrice
INFO: NPC ajouté: Troll Grogon à la position (2, 5)
Dec 08, 2024 12:21:50 PM org.example.Salle creerMatrice
INFO: NPC ajouté: Orc Sanguinaire à la position (0, 7)
Dec 08, 2024 12:21:50 PM org.example.Salle creerMatrice
INFO: NPC ajouté: Orc Sanguinaire à la position (0, 6)
Dec 08, 2024 12:21:50 PM org.example.Salle <init>
INFO: Salle 'Salle1' créée avec succès.
Dec 08, 2024 12:21:50 PM org.example.Salle creerMatrice
INFO: NPC ajouté: Goblin Perfide à la position (0, 3)
Dec 08, 2024 12:21:50 PM org.example.Salle creerMatrice
INFO: NPC ajouté: Orc Terrifiant à la position (2, 2)
Dec 08, 2024 12:21:50 PM org.example.Salle creerMatrice
INFO: NPC ajouté: Goblin Rusé à la position (0, 5)
Dec 08, 2024 12:21:50 PM org.example.Salle <init>
INFO: Salle 'Salle4' créée avec succès.
Dec 08, 2024 12:21:50 PM org.example.Salle deplacementCharacter
INFO: Troll Paresseux a été déplacé vers (1, 1)
Dec 08, 2024 12:21:50 PM org.example.Salle deplacementCharacter
WARNING: Déplacement échoué: Case (1, 1) déjà occupée.
Dec 08, 2024 12:21:50 PM org.example.Salle creerMatrice
INFO: NPC ajouté: Orc Terrifiant à la position (2, 6)
Dec 08, 2024 12:21:50 PM org.example.Salle creerMatrice
INFO: NPC ajouté: Goblin Minaud à la position (0, 5)
Dec 08, 2024 12:21:50 PM org.example.Salle creerMatrice
INFO: NPC ajouté: Goblin Grincheux à la position (0, 2)
Dec 08, 2024 12:21:50 PM org.example.Salle creerMatrice
INFO: NPC ajouté: Orc Terrifiant à la position (2, 2)
Dec 08, 2024 12:21:50 PM org.example.Salle <init>
INFO: Salle 'Salle5' créée avec succès.
Dec 08, 2024 12:21:50 PM org.example.Salle refreshGrille
INFO: Orc Terrifiant est mort et a été retiré de la grille.
Dec 08, 2024 12:22:53 PM org.example.Salle creerMatrice
INFO: NPC ajouté: Orc Féroce à la position (2, 1)
Dec 08, 2024 12:22:53 PM org.example.Salle creerMatrice
INFO: NPC ajouté: Troll Grogon à la position (0, 3)
Dec 08, 2024 12:22:53 PM org.example.Salle <init>
INFO: Salle 'Salle3' créée avec succès.
Dec 08, 2024 12:22:53 PM org.example.Salle creerMatrice
INFO: NPC ajouté: Goblin Perfide à la position (1, 1)
Dec 08, 2024 12:22:53 PM org.example.Salle creerMatrice
INFO: NPC ajouté: Troll Costaud à la position (1, 6)
Dec 08, 2024 12:22:53 PM org.example.Salle creerMatrice
INFO: NPC ajouté: Troll Costaud à la position (2, 2)
Dec 08, 2024 12:22:53 PM org.example.Salle creerMatrice
INFO: NPC ajouté: Goblin Filou à la position (2, 1)
Dec 08, 2024 12:22:53 PM org.example.Salle <init>
INFO: Salle 'Salle1' créée avec succès.
Dec 08, 2024 12:22:53 PM org.example.Salle creerMatrice
INFO: NPC ajouté: Orc Terrifiant à la position (1, 3)
Dec 08, 2024 12:22:53 PM org.example.Salle creerMatrice
INFO: NPC ajouté: Goblin Filou à la position (1, 1)
Dec 08, 2024 12:22:53 PM org.example.Salle <init>
INFO: Salle 'Salle4' créée avec succès.
Dec 08, 2024 12:22:53 PM org.example.Salle deplacementCharacter
WARNING: Déplacement échoué: Case (1, 1) déjà occupée.
Dec 08, 2024 12:22:53 PM org.example.Salle creerMatrice
INFO: NPC ajouté: Troll Grogon à la position (1, 3)
Dec 08, 2024 12:22:53 PM org.example.Salle creerMatrice
INFO: NPC ajouté: Goblin Filou à la position (0, 2)
Dec 08, 2024 12:22:53 PM org.example.Salle <init>
INFO: Salle 'Salle5' créée avec succès.
Dec 08, 2024 12:22:53 PM org.example.Salle refreshGrille
INFO: Troll Grogon est mort et a été retiré de la grille.
Dec 08, 2024 12:22:53 PM org.example.Salle creerMatrice
INFO: NPC ajouté: Orc Brutal à la position (0, 1)
Dec 08, 2024 12:22:53 PM org.example.Salle creerMatrice
INFO: NPC ajouté: Goblin Filou à la position (2, 5)
Dec 08, 2024 12:22:53 PM org.example.Salle creerMatrice
INFO: NPC ajouté: Goblin Minaud à la position (1, 1)
Dec 08, 2024 12:22:53 PM org.example.Salle creerMatrice
INFO: NPC ajouté: Troll Costaud à la position (2, 1)
Dec 08, 2024 12:22:53 PM org.example.Salle <init>
INFO: Salle 'Salle6' créée avec succès.
Dec 08, 2024 12:25:24 PM org.example.Salle creerMatrice
INFO: NPC ajouté: Goblin Rusé à la position (1, 5)
Dec 08, 2024 12:25:24 PM org.example.Salle creerMatrice
INFO: NPC ajouté: Goblin Perfide à la position (2, 1)
Dec 08, 2024 12:25:24 PM org.example.Salle creerMatrice
INFO: NPC ajouté: Troll Grogon à la position (1, 4)
Dec 08, 2024 12:25:24 PM org.example.Salle <init>
INFO: Salle 'Salle3' créée avec succès.
Dec 08, 2024 12:25:24 PM org.example.Salle creerMatrice
INFO: NPC ajouté: Goblin Rusé à la position (1, 1)
Dec 08, 2024 12:25:24 PM org.example.Salle creerMatrice
INFO: NPC ajouté: Orc Sanguinaire à la position (2, 4)
Dec 08, 2024 12:25:24 PM org.example.Salle creerMatrice
INFO: NPC ajouté: Troll Costaud à la position (1, 4)
Dec 08, 2024 12:25:24 PM org.example.Salle <init>
INFO: Salle 'Salle1' créée avec succès.
Dec 08, 2024 12:25:24 PM org.example.Salle creerMatrice
INFO: NPC ajouté: Troll Gourmant à la position (0, 3)
Dec 08, 2024 12:25:24 PM org.example.Salle creerMatrice
INFO: NPC ajouté: Orc Féroce à la position (0, 5)
Dec 08, 2024 12:25:24 PM org.example.Salle creerMatrice
INFO: NPC ajouté: Orc Féroce à la position (1, 6)
Dec 08, 2024 12:25:24 PM org.example.Salle creerMatrice
INFO: NPC ajouté: Goblin Perfide à la position (2, 0)
Dec 08, 2024 12:25:24 PM org.example.Salle <init>
INFO: Salle 'Salle4' créée avec succès.
Dec 08, 2024 12:25:24 PM org.example.Salle deplacementCharacter
INFO: Troll Costaud a été déplacé vers (1, 1)
Dec 08, 2024 12:25:24 PM org.example.Salle deplacementCharacter
WARNING: Déplacement échoué: Case (1, 1) déjà occupée.
Dec 08, 2024 12:25:24 PM org.example.Salle creerMatrice
INFO: NPC ajouté: Goblin Filou à la position (2, 5)
Dec 08, 2024 12:25:24 PM org.example.Salle creerMatrice
INFO: NPC ajouté: Troll Costaud à la position (2, 6)
Dec 08, 2024 12:25:24 PM org.example.Salle creerMatrice
INFO: NPC ajouté: Troll Paresseux à la position (2, 7)
Dec 08, 2024 12:25:24 PM org.example.Salle creerMatrice
INFO: NPC ajouté: Orc Terrifiant à la position (2, 1)
Dec 08, 2024 12:25:24 PM org.example.Salle <init>
INFO: Salle 'Salle5' créée avec succès.
Dec 08, 2024 12:25:24 PM org.example.Salle refreshGrille
INFO: Goblin Filou est mort et a été retiré de la grille.
Dec 08, 2024 12:25:24 PM org.example.Salle creerMatrice
INFO: NPC ajouté: Goblin Rusé à la position (2, 0)
Dec 08, 2024 12:25:24 PM org.example.Salle creerMatrice
INFO: NPC ajouté: Goblin Perfide à la position (1, 3)
Dec 08, 2024 12:25:24 PM org.example.Salle <init>
INFO: Salle 'Salle6' créée avec succès.
Dec 08, 2024 12:28:26 PM org.example.Salle creerMatrice
INFO: NPC ajouté: Troll Paresseux à la position (1, 5)
Dec 08, 2024 12:28:26 PM org.example.Salle creerMatrice
INFO: NPC ajouté: Orc Brutal à la position (0, 5)
Dec 08, 2024 12:28:26 PM org.example.Salle creerMatrice
INFO: NPC ajouté: Goblin Filou à la position (1, 3)
Dec 08, 2024 12:28:26 PM org.example.Salle <init>
INFO: Salle 'Salle3' créée avec succès.
Dec 08, 2024 12:28:26 PM org.example.Salle creerMatrice
INFO: NPC ajouté: Goblin Rusé à la position (0, 2)
Dec 08, 2024 12:28:26 PM org.example.Salle creerMatrice
INFO: NPC ajouté: Goblin Rusé à la position (0, 3)
Dec 08, 2024 12:28:26 PM org.example.Salle creerMatrice
INFO: NPC ajouté: Troll Grogon à la position (2, 6)
Dec 08, 2024 12:28:26 PM org.example.Salle creerMatrice
INFO: NPC ajouté: Orc Implacable à la position (2, 5)
Dec 08, 2024 12:28:26 PM org.example.Salle <init>
INFO: Salle 'Salle1' créée avec succès.
Dec 08, 2024 12:28:26 PM org.example.Salle creerMatrice
INFO: NPC ajouté: Goblin Grincheux à la position (0, 6)
Dec 08, 2024 12:28:26 PM org.example.Salle creerMatrice
INFO: NPC ajouté: Orc Implacable à la position (2, 4)
Dec 08, 2024 12:28:26 PM org.example.Salle <init>
INFO: Salle 'Salle4' créée avec succès.
Dec 08, 2024 12:28:26 PM org.example.Salle deplacementCharacter
INFO: Troll Grogon a été déplacé vers (1, 1)
Dec 08, 2024 12:28:26 PM org.example.Salle deplacementCharacter
WARNING: Déplacement échoué: Case (1, 1) déjà occupée.
Dec 08, 2024 12:28:26 PM org.example.Salle creerMatrice
INFO: NPC ajouté: Goblin Minaud à la position (2, 5)
Dec 08, 2024 12:28:26 PM org.example.Salle creerMatrice
INFO: NPC ajouté: Troll Grogon à la position (0, 2)
Dec 08, 2024 12:28:26 PM org.example.Salle creerMatrice
INFO: NPC ajouté: Orc Sanguinaire à la position (1, 2)
Dec 08, 2024 12:28:26 PM org.example.Salle <init>
INFO: Salle 'Salle5' créée avec succès.
Dec 08, 2024 12:28:26 PM org.example.Salle refreshGrille
INFO: Goblin Minaud est mort et a été retiré de la grille.
Dec 08, 2024 12:28:26 PM org.example.Salle creerMatrice
INFO: NPC ajouté: Troll Paresseux à la position (0, 5)
Dec 08, 2024 12:28:26 PM org.example.Salle creerMatrice
INFO: NPC ajouté: Orc Implacable à la position (0, 2)
Dec 08, 2024 12:28:26 PM org.example.Salle creerMatrice
INFO: NPC ajouté: Orc Brutal à la position (2, 0)
Dec 08, 2024 12:28:26 PM org.example.Salle <init>
INFO: Salle 'Salle6' créée avec succès.
Dec 08, 2024 12:29:34 PM org.example.Salle creerMatrice
INFO: NPC ajouté: Goblin Rusé à la position (2, 7)
Dec 08, 2024 12:29:34 PM org.example.Salle creerMatrice
INFO: NPC ajouté: Goblin Perfide à la position (2, 0)
Dec 08, 2024 12:29:34 PM org.example.Salle creerMatrice
INFO: NPC ajouté: Orc Féroce à la position (1, 1)
Dec 08, 2024 12:29:34 PM org.example.Salle creerMatrice
INFO: NPC ajouté: Orc Sanguinaire à la position (0, 6)
Dec 08, 2024 12:29:34 PM org.example.Salle <init>
INFO: Salle 'Salle3' créée avec succès.
Dec 08, 2024 12:29:34 PM org.example.Salle creerMatrice
INFO: NPC ajouté: Orc Féroce à la position (0, 4)
Dec 08, 2024 12:29:34 PM org.example.Salle creerMatrice
INFO: NPC ajouté: Troll Grogon à la position (1, 2)
Dec 08, 2024 12:29:34 PM org.example.Salle creerMatrice
INFO: NPC ajouté: Orc Terrifiant à la position (1, 4)
Dec 08, 2024 12:29:34 PM org.example.Salle creerMatrice
INFO: NPC ajouté: Goblin Filou à la position (2, 2)
Dec 08, 2024 12:29:34 PM org.example.Salle <init>
INFO: Salle 'Salle1' créée avec succès.
Dec 08, 2024 12:29:34 PM org.example.Salle creerMatrice
INFO: NPC ajouté: Orc Implacable à la position (0, 1)
Dec 08, 2024 12:29:34 PM org.example.Salle creerMatrice
INFO: NPC ajouté: Troll Gourmant à la position (1, 5)
Dec 08, 2024 12:29:34 PM org.example.Salle <init>
INFO: Salle 'Salle4' créée avec succès.
Dec 08, 2024 12:29:34 PM org.example.Salle deplacementCharacter
INFO: Troll Costaud a été déplacé vers (1, 1)
Dec 08, 2024 12:29:34 PM org.example.Salle deplacementCharacter
WARNING: Déplacement échoué: Case (1, 1) déjà occupée.
Dec 08, 2024 12:29:34 PM org.example.Salle creerMatrice
INFO: NPC ajouté: Goblin Filou à la position (2, 6)
Dec 08, 2024 12:29:34 PM org.example.Salle creerMatrice
INFO: NPC ajouté: Troll Gourmant à la position (0, 6)
Dec 08, 2024 12:29:34 PM org.example.Salle creerMatrice
INFO: NPC ajouté: Orc Sanguinaire à la position (1, 4)
Dec 08, 2024 12:29:34 PM org.example.Salle <init>
INFO: Salle 'Salle5' créée avec succès.
Dec 08, 2024 12:29:34 PM org.example.Salle refreshGrille
INFO: Goblin Filou est mort et a été retiré de la grille.
Dec 08, 2024 12:29:34 PM org.example.Salle creerMatrice
INFO: NPC ajouté: Troll Gourmant à la position (1, 2)
Dec 08, 2024 12:29:34 PM org.example.Salle creerMatrice
INFO: NPC ajouté: Troll Gourmant à la position (0, 1)
Dec 08, 2024 12:29:34 PM org.example.Salle creerMatrice
INFO: NPC ajouté: Troll Costaud à la position (2, 2)
Dec 08, 2024 12:29:34 PM org.example.Salle creerMatrice
INFO: NPC ajouté: Orc Terrifiant à la position (0, 5)
Dec 08, 2024 12:29:34 PM org.example.Salle <init>
INFO: Salle 'Salle6' créée avec succès.
Dec 08, 2024 12:31:56 PM org.example.Salle creerMatrice
INFO: NPC ajouté: Goblin Rusé à la position (0, 1)
Dec 08, 2024 12:31:56 PM org.example.Salle creerMatrice
INFO: NPC ajouté: Orc Brutal à la position (0, 5)
Dec 08, 2024 12:31:56 PM org.example.Salle creerMatrice
INFO: NPC ajouté: Orc Sanguinaire à la position (2, 0)
Dec 08, 2024 12:31:56 PM org.example.Salle creerMatrice
INFO: NPC ajouté: Orc Terrifiant à la position (1, 3)
Dec 08, 2024 12:31:56 PM org.example.Salle <init>
INFO: Salle 'Salle3' créée avec succès.
Dec 08, 2024 12:31:56 PM org.example.Salle creerMatrice
INFO: NPC ajouté: Goblin Perfide à la position (0, 2)
Dec 08, 2024 12:31:56 PM org.example.Salle creerMatrice
INFO: NPC ajouté: Troll Paresseux à la position (2, 3)
Dec 08, 2024 12:31:56 PM org.example.Salle <init>
INFO: Salle 'Salle1' créée avec succès.
Dec 08, 2024 12:31:56 PM org.example.Salle creerMatrice
INFO: NPC ajouté: Troll Costaud à la position (1, 1)
Dec 08, 2024 12:31:56 PM org.example.Salle creerMatrice
INFO: NPC ajouté: Troll Costaud à la position (0, 0)
Dec 08, 2024 12:31:56 PM org.example.Salle creerMatrice
INFO: NPC ajouté: Goblin Filou à la position (2, 7)
Dec 08, 2024 12:31:56 PM org.example.Salle <init>
INFO: Salle 'Salle4' créée avec succès.
Dec 08, 2024 12:31:56 PM org.example.Salle deplacementCharacter
WARNING: Déplacement échoué: Case (1, 1) déjà occupée.
Dec 08, 2024 12:31:56 PM org.example.Salle creerMatrice
INFO: NPC ajouté: Orc Sanguinaire à la position (0, 3)
Dec 08, 2024 12:31:56 PM org.example.Salle creerMatrice
INFO: NPC ajouté: Goblin Minaud à la position (0, 1)
Dec 08, 2024 12:31:56 PM org.example.Salle creerMatrice
INFO: NPC ajouté: Goblin Grincheux à la position (1, 6)
Dec 08, 2024 12:31:56 PM org.example.Salle creerMatrice
INFO: NPC ajouté: Troll Grogon à la position (0, 6)
Dec 08, 2024 12:31:56 PM org.example.Salle <init>
INFO: Salle 'Salle5' créée avec succès.
Dec 08, 2024 12:31:56 PM org.example.Salle refreshGrille
INFO: Orc Sanguinaire est mort et a été retiré de la grille.
Dec 08, 2024 12:31:56 PM org.example.Salle creerMatrice
INFO: NPC ajouté: Goblin Minaud à la position (2, 1)
Dec 08, 2024 12:31:56 PM org.example.Salle creerMatrice
INFO: NPC ajouté: Goblin Perfide à la position (2, 7)
Dec 08, 2024 12:31:56 PM org.example.Salle <init>
INFO: Salle 'Salle6' créée avec succès.
Dec 08, 2024 12:34:38 PM org.example.Salle creerMatrice
INFO: NPC ajouté: Troll Grogon à la position (2, 0)
Dec 08, 2024 12:34:38 PM org.example.Salle creerMatrice
INFO: NPC ajouté: Goblin Minaud à la position (2, 5)
Dec 08, 2024 12:34:38 PM org.example.Salle creerMatrice
INFO: NPC ajouté: Orc Féroce à la position (2, 3)
Dec 08, 2024 12:34:38 PM org.example.Salle creerMatrice
INFO: NPC ajouté: Goblin Minaud à la position (0, 4)
Dec 08, 2024 12:34:38 PM org.example.Salle <init>
INFO: Salle 'Salle3' créée avec succès.
Dec 08, 2024 12:34:38 PM org.example.Salle creerMatrice
INFO: NPC ajouté: Orc Implacable à la position (1, 1)
Dec 08, 2024 12:34:38 PM org.example.Salle creerMatrice
INFO: NPC ajouté: Orc Brutal à la position (2, 3)
Dec 08, 2024 12:34:38 PM org.example.Salle <init>
INFO: Salle 'Salle1' créée avec succès.
Dec 08, 2024 12:34:38 PM org.example.Salle creerMatrice
INFO: NPC ajouté: Goblin Grincheux à la position (0, 3)
Dec 08, 2024 12:34:38 PM org.example.Salle creerMatrice
INFO: NPC ajouté: Orc Terrifiant à la position (2, 1)
Dec 08, 2024 12:34:38 PM org.example.Salle <init>
INFO: Salle 'Salle4' créée avec succès.
Dec 08, 2024 12:34:38 PM org.example.Salle deplacementCharacter
INFO: Troll Costaud a été déplacé vers (1, 1)
Dec 08, 2024 12:34:38 PM org.example.Salle deplacementCharacter
WARNING: Déplacement échoué: Case (1, 1) déjà occupée.
Dec 08, 2024 12:34:38 PM org.example.Salle creerMatrice
INFO: NPC ajouté: Troll Grogon à la position (2, 4)
Dec 08, 2024 12:34:38 PM org.example.Salle creerMatrice
INFO: NPC ajouté: Goblin Minaud à la position (0, 2)
Dec 08, 2024 12:34:38 PM org.example.Salle creerMatrice
INFO: NPC ajouté: Orc Implacable à la position (0, 0)
Dec 08, 2024 12:34:38 PM org.example.Salle <init>
INFO: Salle 'Salle5' créée avec succès.
Dec 08, 2024 12:34:38 PM org.example.Salle refreshGrille
INFO: Troll Grogon est mort et a été retiré de la grille.
Dec 08, 2024 12:34:38 PM org.example.Salle creerMatrice
INFO: NPC ajouté: Troll Paresseux à la position (0, 6)
Dec 08, 2024 12:34:38 PM org.example.Salle creerMatrice
INFO: NPC ajouté: Orc Brutal à la position (1, 5)
Dec 08, 2024 12:34:38 PM org.example.Salle creerMatrice
INFO: NPC ajouté: Goblin Rusé à la position (2, 0)
Dec 08, 2024 12:34:38 PM org.example.Salle creerMatrice
INFO: NPC ajouté: Troll Costaud à la position (2, 6)
Dec 08, 2024 12:34:38 PM org.example.Salle <init>
INFO: Salle 'Salle6' créée avec succès.
Dec 08, 2024 12:38:13 PM org.example.Salle creerMatrice
INFO: NPC ajouté: Goblin Perfide à la position (0, 1)
Dec 08, 2024 12:38:13 PM org.example.Salle creerMatrice
INFO: NPC ajouté: Troll Paresseux à la position (1, 3)
Dec 08, 2024 12:38:13 PM org.example.Salle creerMatrice
INFO: NPC ajouté: Troll Grogon à la position (1, 1)
Dec 08, 2024 12:38:13 PM org.example.Salle creerMatrice
INFO: NPC ajouté: Goblin Perfide à la position (2, 4)
Dec 08, 2024 12:38:13 PM org.example.Salle <init>
INFO: Salle 'Salle3' créée avec succès.
Dec 08, 2024 12:38:13 PM org.example.Salle creerMatrice
INFO: NPC ajouté: Goblin Rusé à la position (2, 1)
Dec 08, 2024 12:38:13 PM org.example.Salle creerMatrice
INFO: NPC ajouté: Orc Terrifiant à la position (2, 0)
Dec 08, 2024 12:38:13 PM org.example.Salle <init>
INFO: Salle 'Salle1' créée avec succès.
Dec 08, 2024 12:38:13 PM org.example.Salle creerMatrice
INFO: NPC ajouté: Orc Féroce à la position (0, 2)
Dec 08, 2024 12:38:13 PM org.example.Salle creerMatrice
INFO: NPC ajouté: Goblin Perfide à la position (0, 0)
Dec 08, 2024 12:38:13 PM org.example.Salle creerMatrice
INFO: NPC ajouté: Troll Gourmant à la position (1, 4)
Dec 08, 2024 12:38:13 PM org.example.Salle creerMatrice
INFO: NPC ajouté: Goblin Minaud à la position (2, 5)
Dec 08, 2024 12:38:13 PM org.example.Salle <init>
INFO: Salle 'Salle4' créée avec succès.
Dec 08, 2024 12:38:13 PM org.example.Salle deplacementCharacter
INFO: Troll Costaud a été déplacé vers (1, 1)
Dec 08, 2024 12:38:13 PM org.example.Salle deplacementCharacter
WARNING: Déplacement échoué: Case (1, 1) déjà occupée.
Dec 08, 2024 12:38:13 PM org.example.Salle creerMatrice
INFO: NPC ajouté: Goblin Filou à la position (0, 5)
Dec 08, 2024 12:38:13 PM org.example.Salle creerMatrice
INFO: NPC ajouté: Goblin Minaud à la position (0, 2)
Dec 08, 2024 12:38:13 PM org.example.Salle <init>
INFO: Salle 'Salle5' créée avec succès.
Dec 08, 2024 12:38:13 PM org.example.Salle refreshGrille
INFO: Goblin Filou est mort et a été retiré de la grille.
Dec 08, 2024 12:38:13 PM org.example.Salle creerMatrice
INFO: NPC ajouté: Goblin Perfide à la position (0, 5)
Dec 08, 2024 12:38:13 PM org.example.Salle creerMatrice
INFO: NPC ajouté: Troll Costaud à la position (2, 2)
Dec 08, 2024 12:38:13 PM org.example.Salle creerMatrice
INFO: NPC ajouté: Troll Gourmant à la position (2, 5)
Dec 08, 2024 12:38:13 PM org.example.Salle creerMatrice
INFO: NPC ajouté: Orc Féroce à la position (0, 4)
Dec 08, 2024 12:38:13 PM org.example.Salle <init>
INFO: Salle 'Salle6' créée avec succès.
Dec 08, 2024 12:40:06 PM org.example.Salle creerMatrice
INFO: NPC ajouté: Goblin Grincheux à la position (1, 3)
Dec 08, 2024 12:40:06 PM org.example.Salle creerMatrice
INFO: NPC ajouté: Orc Féroce à la position (0, 3)
Dec 08, 2024 12:40:06 PM org.example.Salle <init>
INFO: Salle 'Salle3' créée avec succès.
Dec 08, 2024 12:40:06 PM org.example.Salle creerMatrice
INFO: NPC ajouté: Troll Costaud à la position (1, 2)
Dec 08, 2024 12:40:06 PM org.example.Salle creerMatrice
INFO: NPC ajouté: Orc Sanguinaire à la position (0, 4)
Dec 08, 2024 12:40:06 PM org.example.Salle creerMatrice
INFO: NPC ajouté: Orc Sanguinaire à la position (2, 3)
Dec 08, 2024 12:40:06 PM org.example.Salle creerMatrice
INFO: NPC ajouté: Orc Sanguinaire à la position (2, 0)
Dec 08, 2024 12:40:06 PM org.example.Salle <init>
INFO: Salle 'Salle1' créée avec succès.
Dec 08, 2024 12:40:06 PM org.example.Salle creerMatrice
INFO: NPC ajouté: Troll Costaud à la position (0, 3)
Dec 08, 2024 12:40:06 PM org.example.Salle creerMatrice
INFO: NPC ajouté: Troll Costaud à la position (1, 2)
Dec 08, 2024 12:40:06 PM org.example.Salle <init>
INFO: Salle 'Salle4' créée avec succès.
Dec 08, 2024 12:40:06 PM org.example.Salle deplacementCharacter
INFO: Troll Gourmant a été déplacé vers (1, 1)
Dec 08, 2024 12:40:06 PM org.example.Salle deplacementCharacter
INFO: Troll Gourmant a été déplacé vers (2, 0)
Dec 08, 2024 12:40:06 PM org.example.Salle creerMatrice
INFO: NPC ajouté: Goblin Rusé à la position (2, 5)
Dec 08, 2024 12:40:06 PM org.example.Salle creerMatrice
INFO: NPC ajouté: Troll Grogon à la position (0, 4)
Dec 08, 2024 12:40:06 PM org.example.Salle creerMatrice
INFO: NPC ajouté: Troll Grogon à la position (1, 3)
Dec 08, 2024 12:40:06 PM org.example.Salle <init>
INFO: Salle 'Salle5' créée avec succès.
Dec 08, 2024 12:40:06 PM org.example.Salle refreshGrille
INFO: Goblin Rusé est mort et a été retiré de la grille.
Dec 08, 2024 12:40:06 PM org.example.Salle creerMatrice
INFO: NPC ajouté: Goblin Rusé à la position (0, 6)
Dec 08, 2024 12:40:06 PM org.example.Salle creerMatrice
INFO: NPC ajouté: Troll Costaud à la position (1, 6)
Dec 08, 2024 12:40:06 PM org.example.Salle <init>
INFO: Salle 'Salle6' créée avec succès.
Dec 08, 2024 12:40:29 PM org.example.Salle creerMatrice
INFO: NPC ajouté: Goblin Grincheux à la position (2, 5)
Dec 08, 2024 12:40:29 PM org.example.Salle creerMatrice
INFO: NPC ajouté: Orc Terrifiant à la position (0, 2)
Dec 08, 2024 12:40:29 PM org.example.Salle creerMatrice
INFO: NPC ajouté: Goblin Rusé à la position (2, 3)
Dec 08, 2024 12:40:29 PM org.example.Salle creerMatrice
INFO: NPC ajouté: Orc Implacable à la position (0, 3)
Dec 08, 2024 12:40:29 PM org.example.Salle <init>
INFO: Salle 'Salle3' créée avec succès.
Dec 08, 2024 12:40:29 PM org.example.Salle creerMatrice
INFO: NPC ajouté: Troll Paresseux à la position (1, 6)
Dec 08, 2024 12:40:29 PM org.example.Salle creerMatrice
INFO: NPC ajouté: Troll Paresseux à la position (2, 3)
Dec 08, 2024 12:40:29 PM org.example.Salle <init>
INFO: Salle 'Salle1' créée avec succès.
Dec 08, 2024 12:40:29 PM org.example.Salle creerMatrice
INFO: NPC ajouté: Troll Paresseux à la position (1, 5)
Dec 08, 2024 12:40:29 PM org.example.Salle creerMatrice
INFO: NPC ajouté: Orc Sanguinaire à la position (0, 1)
Dec 08, 2024 12:40:29 PM org.example.Salle <init>
INFO: Salle 'Salle4' créée avec succès.
Dec 08, 2024 12:40:29 PM org.example.Salle deplacementCharacter
INFO: Troll Grogon a été déplacé vers (1, 1)
Dec 08, 2024 12:40:29 PM org.example.Salle deplacementCharacter
INFO: Troll Grogon a été déplacé vers (2, 0)
Dec 08, 2024 12:40:29 PM org.example.Salle creerMatrice
INFO: NPC ajouté: Goblin Perfide à la position (2, 5)
Dec 08, 2024 12:40:29 PM org.example.Salle creerMatrice
INFO: NPC ajouté: Goblin Perfide à la position (0, 0)
Dec 08, 2024 12:40:29 PM org.example.Salle creerMatrice
INFO: NPC ajouté: Troll Costaud à la position (2, 1)
Dec 08, 2024 12:40:29 PM org.example.Salle <init>
INFO: Salle 'Salle5' créée avec succès.
Dec 08, 2024 12:40:29 PM org.example.Salle refreshGrille
INFO: Goblin Perfide est mort et a été retiré de la grille.
Dec 08, 2024 12:40:29 PM org.example.Salle creerMatrice
INFO: NPC ajouté: Troll Gourmant à la position (0, 2)
Dec 08, 2024 12:40:29 PM org.example.Salle creerMatrice
INFO: NPC ajouté: Troll Gourmant à la position (1, 5)
Dec 08, 2024 12:40:29 PM org.example.Salle creerMatrice
INFO: NPC ajouté: Troll Costaud à la position (2, 4)
Dec 08, 2024 12:40:29 PM org.example.Salle <init>
INFO: Salle 'Salle6' créée avec succès.
Dec 08, 2024 12:47:34 PM org.example.Salle creerMatrice
INFO: NPC ajouté: Orc Sanguinaire à la position (2, 2)
Dec 08, 2024 12:47:34 PM org.example.Salle creerMatrice
INFO: NPC ajouté: Orc Implacable à la position (0, 3)
Dec 08, 2024 12:47:34 PM org.example.Salle creerMatrice
INFO: NPC ajouté: Orc Terrifiant à la position (2, 0)
Dec 08, 2024 12:47:34 PM org.example.Salle creerMatrice
INFO: NPC ajouté: Orc Terrifiant à la position (1, 5)
Dec 08, 2024 12:47:34 PM org.example.Salle <init>
INFO: Salle 'Salle3' créée avec succès.
Dec 08, 2024 12:47:34 PM org.example.Salle creerMatrice
INFO: NPC ajouté: Troll Gourmant à la position (1, 5)
Dec 08, 2024 12:47:34 PM org.example.Salle creerMatrice
INFO: NPC ajouté: Goblin Rusé à la position (0, 0)
Dec 08, 2024 12:47:34 PM org.example.Salle creerMatrice
INFO: NPC ajouté: Troll Gourmant à la position (1, 2)
Dec 08, 2024 12:47:34 PM org.example.Salle <init>
INFO: Salle 'Salle1' créée avec succès.
Dec 08, 2024 12:47:34 PM org.example.Salle creerMatrice
INFO: NPC ajouté: Troll Grogon à la position (2, 1)
Dec 08, 2024 12:47:34 PM org.example.Salle creerMatrice
INFO: NPC ajouté: Orc Brutal à la position (1, 1)
Dec 08, 2024 12:47:34 PM org.example.Salle creerMatrice
INFO: NPC ajouté: Troll Grogon à la position (1, 5)
Dec 08, 2024 12:47:34 PM org.example.Salle <init>
INFO: Salle 'Salle4' créée avec succès.
Dec 08, 2024 12:47:34 PM org.example.Salle deplacementCharacter
INFO: Troll Paresseux a été déplacé vers (1, 1)
Dec 08, 2024 12:47:34 PM org.example.Salle deplacementCharacter
WARNING: Déplacement échoué: Case (1, 1) déjà occupée.
Dec 08, 2024 12:47:34 PM org.example.Salle creerMatrice
INFO: NPC ajouté: Troll Paresseux à la position (1, 1)
Dec 08, 2024 12:47:34 PM org.example.Salle creerMatrice
INFO: NPC ajouté: Troll Paresseux à la position (1, 3)
Dec 08, 2024 12:47:34 PM org.example.Salle <init>
INFO: Salle 'Salle5' créée avec succès.
Dec 08, 2024 12:47:34 PM org.example.Salle refreshGrille
INFO: Troll Paresseux est mort et a été retiré de la grille.
Dec 08, 2024 12:47:34 PM org.example.Salle creerMatrice
INFO: NPC ajouté: Goblin Rusé à la position (2, 3)
Dec 08, 2024 12:47:34 PM org.example.Salle creerMatrice
INFO: NPC ajouté: Troll Gourmant à la position (1, 5)
Dec 08, 2024 12:47:34 PM org.example.Salle creerMatrice
INFO: NPC ajouté: Orc Brutal à la position (1, 2)
Dec 08, 2024 12:47:34 PM org.example.Salle <init>
INFO: Salle 'Salle6' créée avec succès.
Dec 08, 2024 12:47:38 PM org.example.Salle creerMatrice
INFO: NPC ajouté: Goblin Filou à la position (0, 2)
Dec 08, 2024 12:47:38 PM org.example.Salle creerMatrice
INFO: NPC ajouté: Orc Implacable à la position (0, 5)
Dec 08, 2024 12:47:38 PM org.example.Salle creerMatrice
INFO: NPC ajouté: Orc Brutal à la position (0, 3)
Dec 08, 2024 12:47:38 PM org.example.Salle creerMatrice
INFO: NPC ajouté: Goblin Minaud à la position (1, 4)
Dec 08, 2024 12:47:38 PM org.example.Salle <init>
INFO: Salle 'Salle3' créée avec succès.
Dec 08, 2024 12:47:38 PM org.example.Salle creerMatrice
INFO: NPC ajouté: Goblin Rusé à la position (0, 3)
Dec 08, 2024 12:47:38 PM org.example.Salle creerMatrice
INFO: NPC ajouté: Goblin Filou à la position (0, 2)
Dec 08, 2024 12:47:38 PM org.example.Salle <init>
INFO: Salle 'Salle1' créée avec succès.
Dec 08, 2024 12:47:38 PM org.example.Salle creerMatrice
INFO: NPC ajouté: Orc Implacable à la position (1, 6)
Dec 08, 2024 12:47:38 PM org.example.Salle creerMatrice
INFO: NPC ajouté: Orc Féroce à la position (2, 4)
Dec 08, 2024 12:47:38 PM org.example.Salle creerMatrice
INFO: NPC ajouté: Troll Gourmant à la position (1, 3)
Dec 08, 2024 12:47:38 PM org.example.Salle creerMatrice
INFO: NPC ajouté: Troll Costaud à la position (1, 4)
Dec 08, 2024 12:47:38 PM org.example.Salle <init>
INFO: Salle 'Salle4' créée avec succès.
Dec 08, 2024 12:47:38 PM org.example.Salle deplacementCharacter
INFO: Troll Grogon a été déplacé vers (1, 1)
Dec 08, 2024 12:47:38 PM org.example.Salle deplacementCharacter
WARNING: Déplacement échoué: Case (1, 1) déjà occupée.
Dec 08, 2024 12:47:38 PM org.example.Salle creerMatrice
INFO: NPC ajouté: Goblin Minaud à la position (2, 0)
Dec 08, 2024 12:47:38 PM org.example.Salle creerMatrice
INFO: NPC ajouté: Orc Implacable à la position (0, 3)
Dec 08, 2024 12:47:38 PM org.example.Salle <init>
INFO: Salle 'Salle5' créée avec succès.
Dec 08, 2024 12:47:38 PM org.example.Salle refreshGrille
INFO: Goblin Minaud est mort et a été retiré de la grille.
Dec 08, 2024 12:47:38 PM org.example.Salle creerMatrice
INFO: NPC ajouté: Troll Gourmant à la position (0, 0)
Dec 08, 2024 12:47:38 PM org.example.Salle creerMatrice
INFO: NPC ajouté: Troll Grogon à la position (2, 0)
Dec 08, 2024 12:47:38 PM org.example.Salle <init>
INFO: Salle 'Salle6' créée avec succès.
Dec 08, 2024 12:47:39 PM org.example.Salle creerMatrice
INFO: NPC ajouté: Troll Grogon à la position (2, 6)
Dec 08, 2024 12:47:39 PM org.example.Salle creerMatrice
INFO: NPC ajouté: Goblin Rusé à la position (1, 5)
Dec 08, 2024 12:47:39 PM org.example.Salle <init>
INFO: Salle 'Salle3' créée avec succès.
Dec 08, 2024 12:47:39 PM org.example.Salle creerMatrice
INFO: NPC ajouté: Orc Féroce à la position (2, 5)
Dec 08, 2024 12:47:39 PM org.example.Salle creerMatrice
INFO: NPC ajouté: Troll Paresseux à la position (2, 4)
Dec 08, 2024 12:47:39 PM org.example.Salle <init>
INFO: Salle 'Salle1' créée avec succès.
Dec 08, 2024 12:47:39 PM org.example.Salle creerMatrice
INFO: NPC ajouté: Orc Sanguinaire à la position (2, 6)
Dec 08, 2024 12:47:39 PM org.example.Salle creerMatrice
INFO: NPC ajouté: Troll Gourmant à la position (0, 2)
Dec 08, 2024 12:47:39 PM org.example.Salle creerMatrice
INFO: NPC ajouté: Orc Implacable à la position (1, 7)
Dec 08, 2024 12:47:39 PM org.example.Salle <init>
INFO: Salle 'Salle4' créée avec succès.
Dec 08, 2024 12:47:39 PM org.example.Salle deplacementCharacter
INFO: Troll Grogon a été déplacé vers (1, 1)
Dec 08, 2024 12:47:39 PM org.example.Salle deplacementCharacter
WARNING: Déplacement échoué: Case (1, 1) déjà occupée.
Dec 08, 2024 12:47:39 PM org.example.Salle creerMatrice
INFO: NPC ajouté: Goblin Perfide à la position (1, 2)
Dec 08, 2024 12:47:39 PM org.example.Salle creerMatrice
INFO: NPC ajouté: Goblin Minaud à la position (0, 5)
Dec 08, 2024 12:47:39 PM org.example.Salle <init>
INFO: Salle 'Salle5' créée avec succès.
Dec 08, 2024 12:47:39 PM org.example.Salle refreshGrille
INFO: Goblin Perfide est mort et a été retiré de la grille.
Dec 08, 2024 12:47:39 PM org.example.Salle creerMatrice
INFO: NPC ajouté: Goblin Minaud à la position (2, 0)
Dec 08, 2024 12:47:39 PM org.example.Salle creerMatrice
INFO: NPC ajouté: Troll Paresseux à la position (2, 4)
Dec 08, 2024 12:47:39 PM org.example.Salle creerMatrice
INFO: NPC ajouté: Troll Paresseux à la position (1, 2)
Dec 08, 2024 12:47:39 PM org.example.Salle <init>
INFO: Salle 'Salle6' créée avec succès.
Dec 08, 2024 12:47:40 PM org.example.Salle creerMatrice
INFO: NPC ajouté: Goblin Filou à la position (2, 4)
Dec 08, 2024 12:47:40 PM org.example.Salle creerMatrice
INFO: NPC ajouté: Orc Brutal à la position (1, 6)
Dec 08, 2024 12:47:40 PM org.example.Salle <init>
INFO: Salle 'Salle3' créée avec succès.
Dec 08, 2024 12:47:40 PM org.example.Salle creerMatrice
INFO: NPC ajouté: Troll Gourmant à la position (1, 2)
Dec 08, 2024 12:47:40 PM org.example.Salle creerMatrice
INFO: NPC ajouté: Goblin Minaud à la position (2, 5)
Dec 08, 2024 12:47:40 PM org.example.Salle creerMatrice
INFO: NPC ajouté: Orc Implacable à la position (0, 3)
Dec 08, 2024 12:47:40 PM org.example.Salle <init>
INFO: Salle 'Salle1' créée avec succès.
Dec 08, 2024 12:47:40 PM org.example.Salle creerMatrice
INFO: NPC ajouté: Goblin Rusé à la position (2, 2)
Dec 08, 2024 12:47:40 PM org.example.Salle creerMatrice
INFO: NPC ajouté: Orc Terrifiant à la position (1, 1)
Dec 08, 2024 12:47:40 PM org.example.Salle creerMatrice
INFO: NPC ajouté: Troll Gourmant à la position (2, 3)
Dec 08, 2024 12:47:40 PM org.example.Salle <init>
INFO: Salle 'Salle4' créée avec succès.
Dec 08, 2024 12:47:40 PM org.example.Salle deplacementCharacter
INFO: Troll Gourmant a été déplacé vers (1, 1)
Dec 08, 2024 12:47:40 PM org.example.Salle deplacementCharacter
WARNING: Déplacement échoué: Case (1, 1) déjà occupée.
Dec 08, 2024 12:47:40 PM org.example.Salle creerMatrice
INFO: NPC ajouté: Goblin Filou à la position (0, 0)
Dec 08, 2024 12:47:40 PM org.example.Salle creerMatrice
INFO: NPC ajouté: Orc Féroce à la position (1, 1)
Dec 08, 2024 12:47:40 PM org.example.Salle creerMatrice
INFO: NPC ajouté: Orc Sanguinaire à la position (1, 5)
Dec 08, 2024 12:47:40 PM org.example.Salle creerMatrice
INFO: NPC ajouté: Goblin Grincheux à la position (0, 4)
Dec 08, 2024 12:47:40 PM org.example.Salle <init>
INFO: Salle 'Salle5' créée avec succès.
Dec 08, 2024 12:47:40 PM org.example.Salle refreshGrille
INFO: Goblin Filou est mort et a été retiré de la grille.
Dec 08, 2024 12:47:40 PM org.example.Salle creerMatrice
INFO: NPC ajouté: Troll Grogon à la position (2, 2)
Dec 08, 2024 12:47:40 PM org.example.Salle creerMatrice
INFO: NPC ajouté: Orc Féroce à la position (0, 2)
Dec 08, 2024 12:47:40 PM org.example.Salle creerMatrice
INFO: NPC ajouté: Troll Gourmant à la position (0, 1)
Dec 08, 2024 12:47:40 PM org.example.Salle <init>
INFO: Salle 'Salle6' créée avec succès.
Dec 08, 2024 12:47:41 PM org.example.Salle creerMatrice
INFO: NPC ajouté: Orc Féroce à la position (1, 5)
Dec 08, 2024 12:47:41 PM org.example.Salle creerMatrice
INFO: NPC ajouté: Goblin Rusé à la position (1, 1)
Dec 08, 2024 12:47:41 PM org.example.Salle <init>
INFO: Salle 'Salle3' créée avec succès.
Dec 08, 2024 12:47:41 PM org.example.Salle creerMatrice
INFO: NPC ajouté: Troll Paresseux à la position (1, 5)
Dec 08, 2024 12:47:41 PM org.example.Salle creerMatrice
INFO: NPC ajouté: Orc Implacable à la position (2, 3)
Dec 08, 2024 12:47:41 PM org.example.Salle creerMatrice
INFO: NPC ajouté: Orc Sanguinaire à la position (1, 6)
Dec 08, 2024 12:47:41 PM org.example.Salle creerMatrice
INFO: NPC ajouté: Troll Gourmant à la position (1, 4)
Dec 08, 2024 12:47:41 PM org.example.Salle <init>
INFO: Salle 'Salle1' créée avec succès.
Dec 08, 2024 12:47:41 PM org.example.Salle creerMatrice
INFO: NPC ajouté: Goblin Minaud à la position (2, 2)
Dec 08, 2024 12:47:41 PM org.example.Salle creerMatrice
INFO: NPC ajouté: Goblin Rusé à la position (1, 1)
Dec 08, 2024 12:47:41 PM org.example.Salle <init>
INFO: Salle 'Salle4' créée avec succès.
Dec 08, 2024 12:47:41 PM org.example.Salle deplacementCharacter
INFO: Troll Grogon a été déplacé vers (1, 1)
Dec 08, 2024 12:47:41 PM org.example.Salle deplacementCharacter
WARNING: Déplacement échoué: Case (1, 1) déjà occupée.
Dec 08, 2024 12:47:41 PM org.example.Salle creerMatrice
INFO: NPC ajouté: Orc Sanguinaire à la position (0, 1)
Dec 08, 2024 12:47:41 PM org.example.Salle creerMatrice
INFO: NPC ajouté: Orc Terrifiant à la position (0, 3)
Dec 08, 2024 12:47:41 PM org.example.Salle creerMatrice
INFO: NPC ajouté: Orc Sanguinaire à la position (1, 3)
Dec 08, 2024 12:47:41 PM org.example.Salle creerMatrice
INFO: NPC ajouté: Troll Gourmant à la position (2, 1)
Dec 08, 2024 12:47:41 PM org.example.Salle <init>
INFO: Salle 'Salle5' créée avec succès.
Dec 08, 2024 12:47:41 PM org.example.Salle refreshGrille
INFO: Orc Sanguinaire est mort et a été retiré de la grille.
Dec 08, 2024 12:47:41 PM org.example.Salle creerMatrice
INFO: NPC ajouté: Orc Terrifiant à la position (1, 1)
Dec 08, 2024 12:47:41 PM org.example.Salle creerMatrice
INFO: NPC ajouté: Troll Costaud à la position (1, 3)
Dec 08, 2024 12:47:41 PM org.example.Salle creerMatrice
INFO: NPC ajouté: Goblin Grincheux à la position (2, 2)
Dec 08, 2024 12:47:41 PM org.example.Salle creerMatrice
INFO: NPC ajouté: Orc Féroce à la position (2, 5)
Dec 08, 2024 12:47:41 PM org.example.Salle <init>
INFO: Salle 'Salle6' créée avec succès.
Dec 08, 2024 12:47:42 PM org.example.Salle creerMatrice
INFO: NPC ajouté: Orc Implacable à la position (0, 2)
Dec 08, 2024 12:47:42 PM org.example.Salle creerMatrice
INFO: NPC ajouté: Goblin Grincheux à la position (1, 2)
Dec 08, 2024 12:47:42 PM org.example.Salle <init>
INFO: Salle 'Salle3' créée avec succès.
Dec 08, 2024 12:47:42 PM org.example.Salle creerMatrice
INFO: NPC ajouté: Troll Grogon à la position (1, 2)
Dec 08, 2024 12:47:42 PM org.example.Salle creerMatrice
INFO: NPC ajouté: Goblin Minaud à la position (0, 7)
Dec 08, 2024 12:47:42 PM org.example.Salle <init>
INFO: Salle 'Salle1' créée avec succès.
Dec 08, 2024 12:47:42 PM org.example.Salle creerMatrice
INFO: NPC ajouté: Orc Brutal à la position (2, 5)
Dec 08, 2024 12:47:42 PM org.example.Salle creerMatrice
INFO: NPC ajouté: Goblin Perfide à la position (1, 5)
Dec 08, 2024 12:47:42 PM org.example.Salle creerMatrice
INFO: NPC ajouté: Orc Féroce à la position (2, 2)
Dec 08, 2024 12:47:42 PM org.example.Salle creerMatrice
INFO: NPC ajouté: Goblin Grincheux à la position (2, 6)
Dec 08, 2024 12:47:42 PM org.example.Salle <init>
INFO: Salle 'Salle4' créée avec succès.
Dec 08, 2024 12:47:42 PM org.example.Salle deplacementCharacter
INFO: Troll Costaud a été déplacé vers (1, 1)
Dec 08, 2024 12:47:42 PM org.example.Salle deplacementCharacter
WARNING: Déplacement échoué: Case (1, 1) déjà occupée.
Dec 08, 2024 12:47:42 PM org.example.Salle creerMatrice
INFO: NPC ajouté: Goblin Grincheux à la position (2, 3)
Dec 08, 2024 12:47:42 PM org.example.Salle creerMatrice
INFO: NPC ajouté: Troll Paresseux à la position (2, 0)
Dec 08, 2024 12:47:42 PM org.example.Salle creerMatrice
INFO: NPC ajouté: Goblin Rusé à la position (0, 4)
Dec 08, 2024 12:47:42 PM org.example.Salle <init>
INFO: Salle 'Salle5' créée avec succès.
Dec 08, 2024 12:47:42 PM org.example.Salle refreshGrille
INFO: Goblin Grincheux est mort et a été retiré de la grille.
Dec 08, 2024 12:47:42 PM org.example.Salle creerMatrice
INFO: NPC ajouté: Orc Sanguinaire à la position (2, 4)
Dec 08, 2024 12:47:42 PM org.example.Salle creerMatrice
INFO: NPC ajouté: Goblin Filou à la position (1, 2)
Dec 08, 2024 12:47:42 PM org.example.Salle <init>
INFO: Salle 'Salle6' créée avec succès.
Dec 08, 2024 12:47:43 PM org.example.Salle creerMatrice
INFO: NPC ajouté: Troll Grogon à la position (0, 4)
Dec 08, 2024 12:47:43 PM org.example.Salle creerMatrice
INFO: NPC ajouté: Troll Grogon à la position (0, 0)
Dec 08, 2024 12:47:43 PM org.example.Salle <init>
INFO: Salle 'Salle3' créée avec succès.
Dec 08, 2024 12:47:43 PM org.example.Salle creerMatrice
INFO: NPC ajouté: Goblin Rusé à la position (0, 6)
Dec 08, 2024 12:47:43 PM org.example.Salle creerMatrice
INFO: NPC ajouté: Troll Costaud à la position (2, 2)
Dec 08, 2024 12:47:43 PM org.example.Salle <init>
INFO: Salle 'Salle1' créée avec succès.
Dec 08, 2024 12:47:43 PM org.example.Salle creerMatrice
INFO: NPC ajouté: Troll Gourmant à la position (2, 5)
Dec 08, 2024 12:47:43 PM org.example.Salle creerMatrice
INFO: NPC ajouté: Goblin Grincheux à la position (2, 4)
Dec 08, 2024 12:47:43 PM org.example.Salle <init>
INFO: Salle 'Salle4' créée avec succès.
Dec 08, 2024 12:47:43 PM org.example.Salle deplacementCharacter
INFO: Troll Grogon a été déplacé vers (1, 1)
Dec 08, 2024 12:47:43 PM org.example.Salle deplacementCharacter
WARNING: Déplacement échoué: Case (1, 1) déjà occupée.
Dec 08, 2024 12:47:43 PM org.example.Salle creerMatrice
INFO: NPC ajouté: Goblin Grincheux à la position (1, 4)
Dec 08, 2024 12:47:43 PM org.example.Salle creerMatrice
INFO: NPC ajouté: Troll Paresseux à la position (0, 6)
Dec 08, 2024 12:47:43 PM org.example.Salle creerMatrice
INFO: NPC ajouté: Orc Féroce à la position (0, 1)
Dec 08, 2024 12:47:43 PM org.example.Salle creerMatrice
INFO: NPC ajouté: Goblin Perfide à la position (0, 3)
Dec 08, 2024 12:47:43 PM org.example.Salle <init>
INFO: Salle 'Salle5' créée avec succès.
Dec 08, 2024 12:47:43 PM org.example.Salle refreshGrille
INFO: Goblin Grincheux est mort et a été retiré de la grille.
Dec 08, 2024 12:47:43 PM org.example.Salle creerMatrice
INFO: NPC ajouté: Orc Terrifiant à la position (0, 5)
Dec 08, 2024 12:47:43 PM org.example.Salle creerMatrice
INFO: NPC ajouté: Orc Sanguinaire à la position (1, 5)
Dec 08, 2024 12:47:43 PM org.example.Salle creerMatrice
INFO: NPC ajouté: Troll Gourmant à la position (1, 6)
Dec 08, 2024 12:47:43 PM org.example.Salle <init>
INFO: Salle 'Salle6' créée avec succès.
Dec 08, 2024 12:48:20 PM org.example.Salle creerMatrice
INFO: NPC ajouté: Orc Féroce à la position (0, 0)
Dec 08, 2024 12:48:20 PM org.example.Salle creerMatrice
INFO: NPC ajouté: Troll Paresseux à la position (1, 3)
Dec 08, 2024 12:48:20 PM org.example.Salle <init>
INFO: Salle 'Salle3' créée avec succès.
Dec 08, 2024 12:48:20 PM org.example.Salle creerMatrice
INFO: NPC ajouté: Orc Brutal à la position (1, 3)
Dec 08, 2024 12:48:20 PM org.example.Salle creerMatrice
INFO: NPC ajouté: Goblin Filou à la position (0, 2)
Dec 08, 2024 12:48:20 PM org.example.Salle creerMatrice
INFO: NPC ajouté: Orc Implacable à la position (0, 5)
Dec 08, 2024 12:48:20 PM org.example.Salle creerMatrice
INFO: NPC ajouté: Troll Paresseux à la position (0, 3)
Dec 08, 2024 12:48:20 PM org.example.Salle <init>
INFO: Salle 'Salle1' créée avec succès.
Dec 08, 2024 12:48:20 PM org.example.Salle creerMatrice
INFO: NPC ajouté: Goblin Minaud à la position (1, 4)
Dec 08, 2024 12:48:20 PM org.example.Salle creerMatrice
INFO: NPC ajouté: Goblin Grincheux à la position (1, 6)
Dec 08, 2024 12:48:20 PM org.example.Salle creerMatrice
INFO: NPC ajouté: Orc Sanguinaire à la position (2, 6)
Dec 08, 2024 12:48:20 PM org.example.Salle <init>
INFO: Salle 'Salle4' créée avec succès.
Dec 08, 2024 12:48:20 PM org.example.Salle deplacementCharacter
INFO: Troll Grogon a été déplacé vers (1, 1)
Dec 08, 2024 12:48:20 PM org.example.Salle deplacementCharacter
WARNING: Déplacement échoué: Case (1, 1) déjà occupée.
Dec 08, 2024 12:48:20 PM org.example.Salle creerMatrice
INFO: NPC ajouté: Goblin Perfide à la position (0, 2)
Dec 08, 2024 12:48:20 PM org.example.Salle creerMatrice
INFO: NPC ajouté: Goblin Filou à la position (2, 0)
Dec 08, 2024 12:48:20 PM org.example.Salle creerMatrice
INFO: NPC ajouté: Goblin Minaud à la position (2, 3)
Dec 08, 2024 12:48:20 PM org.example.Salle creerMatrice
INFO: NPC ajouté: Troll Costaud à la position (0, 3)
Dec 08, 2024 12:48:20 PM org.example.Salle <init>
INFO: Salle 'Salle5' créée avec succès.
Dec 08, 2024 12:48:20 PM org.example.Salle refreshGrille
INFO: Goblin Perfide est mort et a été retiré de la grille.
Dec 08, 2024 12:48:20 PM org.example.Salle creerMatrice
INFO: NPC ajouté: Orc Terrifiant à la position (1, 4)
Dec 08, 2024 12:48:20 PM org.example.Salle creerMatrice
INFO: NPC ajouté: Troll Grogon à la position (2, 4)
Dec 08, 2024 12:48:20 PM org.example.Salle <init>
INFO: Salle 'Salle6' créée avec succès.
Dec 08, 2024 12:48:21 PM org.example.Salle creerMatrice
INFO: NPC ajouté: Orc Implacable à la position (2, 3)
Dec 08, 2024 12:48:21 PM org.example.Salle creerMatrice
INFO: NPC ajouté: Troll Gourmant à la position (1, 5)
Dec 08, 2024 12:48:21 PM org.example.Salle creerMatrice
INFO: NPC ajouté: Troll Costaud à la position (0, 1)
Dec 08, 2024 12:48:21 PM org.example.Salle creerMatrice
INFO: NPC ajouté: Orc Sanguinaire à la position (1, 4)
Dec 08, 2024 12:48:21 PM org.example.Salle <init>
INFO: Salle 'Salle3' créée avec succès.
Dec 08, 2024 12:48:21 PM org.example.Salle creerMatrice
INFO: NPC ajouté: Orc Terrifiant à la position (0, 1)
Dec 08, 2024 12:48:21 PM org.example.Salle creerMatrice
INFO: NPC ajouté: Orc Sanguinaire à la position (2, 3)
Dec 08, 2024 12:48:21 PM org.example.Salle <init>
INFO: Salle 'Salle1' créée avec succès.
Dec 08, 2024 12:48:21 PM org.example.Salle creerMatrice
INFO: NPC ajouté: Goblin Perfide à la position (2, 3)
Dec 08, 2024 12:48:21 PM org.example.Salle creerMatrice
INFO: NPC ajouté: Troll Paresseux à la position (1, 2)
Dec 08, 2024 12:48:21 PM org.example.Salle creerMatrice
INFO: NPC ajouté: Troll Gourmant à la position (1, 6)
Dec 08, 2024 12:48:21 PM org.example.Salle <init>
INFO: Salle 'Salle4' créée avec succès.
Dec 08, 2024 12:48:21 PM org.example.Salle deplacementCharacter
INFO: Troll Costaud a été déplacé vers (1, 1)
Dec 08, 2024 12:48:21 PM org.example.Salle deplacementCharacter
WARNING: Déplacement échoué: Case (1, 1) déjà occupée.
Dec 08, 2024 12:48:21 PM org.example.Salle creerMatrice
INFO: NPC ajouté: Orc Terrifiant à la position (1, 3)
Dec 08, 2024 12:48:21 PM org.example.Salle creerMatrice
INFO: NPC ajouté: Troll Paresseux à la position (2, 0)
Dec 08, 2024 12:48:21 PM org.example.Salle <init>
INFO: Salle 'Salle5' créée avec succès.
Dec 08, 2024 12:48:21 PM org.example.Salle refreshGrille
INFO: Orc Terrifiant est mort et a été retiré de la grille.
Dec 08, 2024 12:48:21 PM org.example.Salle creerMatrice
INFO: NPC ajouté: Goblin Grincheux à la position (1, 3)
Dec 08, 2024 12:48:21 PM org.example.Salle creerMatrice
INFO: NPC ajouté: Goblin Filou à la position (0, 5)
Dec 08, 2024 12:48:21 PM org.example.Salle creerMatrice
INFO: NPC ajouté: Orc Implacable à la position (2, 2)
Dec 08, 2024 12:48:21 PM org.example.Salle <init>
INFO: Salle 'Salle6' créée avec succès.
